# JRE version: OpenJDK Runtime Environment (21.0.9) (build 21.0.9+-14787801-b1163.94)
# Java VM: OpenJDK 64-Bit Server VM (21.0.9+-14787801-b1163.94, mixed mode, tiered, compressed oops, compressed class ptrs, g1 gc, windows-amd64)
GC Precious Log:
 CardTable entry size: 512
 Card Set container configuration: InlinePtr #cards 5 size 8 Array Of Cards #cards 12 size 40 Howl #buckets 4 coarsen threshold 1843 Howl Bitmap #cards 512 size 80 coarsen threshold 460 Card regions per heap region 1 cards per card region 2048
 CPUs: 12 total, 12 available
 Memory: 7817M
 Large Page Support: Disabled
 NUMA Support: Disabled
 Compressed Oops: Enabled (32-bit)
 Heap Region Size: 1M
 Heap Min Capacity: 8M
 Heap Initial Capacity: 124M
 Heap Max Capacity: 1956M
 Pre-touch: Disabled
 Parallel Workers: 10
 Concurrent Workers: 3
 Concurrent Refinement Workers: 10
 Periodic GC: Disabled
Heap:
 garbage-first heap   total 286720K, used 199623K [0x0000000085c00000, 0x0000000100000000)
  region size 1024K, 25 young (25600K), 11 survivors (11264K)
 Metaspace       used 98132K, committed 98560K, reserved 1179648K
  class space    used 10142K, committed 10304K, reserved 1048576K
GC Heap History (20 events):
Event: 14.315 GC heap before
{Heap before GC invocations=26 (full 0):
 garbage-first heap   total 174080K, used 153003K [0x0000000085c00000, 0x0000000100000000)
  region size 1024K, 44 young (45056K), 6 survivors (6144K)
 Metaspace       used 62793K, committed 63104K, reserved 1114112K
  class space    used 7199K, committed 7360K, reserved 1048576K
}
Event: 14.332 GC heap after
{Heap after GC invocations=27 (full 0):
 garbage-first heap   total 241664K, used 119973K [0x0000000085c00000, 0x0000000100000000)
  region size 1024K, 6 young (6144K), 6 survivors (6144K)
 Metaspace       used 62793K, committed 63104K, reserved 1114112K
  class space    used 7199K, committed 7360K, reserved 1048576K
}
Event: 18.042 GC heap before
{Heap before GC invocations=28 (full 0):
 garbage-first heap   total 241664K, used 198821K [0x0000000085c00000, 0x0000000100000000)
  region size 1024K, 84 young (86016K), 6 survivors (6144K)
 Metaspace       used 66905K, committed 67200K, reserved 1114112K
  class space    used 7526K, committed 7680K, reserved 1048576K
}
Event: 18.064 GC heap after
{Heap after GC invocations=29 (full 0):
 garbage-first heap   total 241664K, used 126435K [0x0000000085c00000, 0x0000000100000000)
  region size 1024K, 11 young (11264K), 11 survivors (11264K)
 Metaspace       used 66905K, committed 67200K, reserved 1114112K
  class space    used 7526K, committed 7680K, reserved 1048576K
}
Event: 21.240 GC heap before
{Heap before GC invocations=29 (full 0):
 garbage-first heap   total 241664K, used 204259K [0x0000000085c00000, 0x0000000100000000)
  region size 1024K, 88 young (90112K), 11 survivors (11264K)
 Metaspace       used 71947K, committed 72256K, reserved 1114112K
  class space    used 7943K, committed 8064K, reserved 1048576K
}
Event: 21.277 GC heap after
{Heap after GC invocations=30 (full 0):
 garbage-first heap   total 241664K, used 137810K [0x0000000085c00000, 0x0000000100000000)
  region size 1024K, 11 young (11264K), 11 survivors (11264K)
 Metaspace       used 71947K, committed 72256K, reserved 1114112K
  class space    used 7943K, committed 8064K, reserved 1048576K
}
Event: 23.593 GC heap before
{Heap before GC invocations=30 (full 0):
 garbage-first heap   total 241664K, used 208466K [0x0000000085c00000, 0x0000000100000000)
  region size 1024K, 80 young (81920K), 11 survivors (11264K)
 Metaspace       used 79070K, committed 79360K, reserved 1179648K
  class space    used 8590K, committed 8704K, reserved 1048576K
}
Event: 23.626 GC heap after
{Heap after GC invocations=31 (full 0):
 garbage-first heap   total 241664K, used 149367K [0x0000000085c00000, 0x0000000100000000)
  region size 1024K, 10 young (10240K), 10 survivors (10240K)
 Metaspace       used 79070K, committed 79360K, reserved 1179648K
  class space    used 8590K, committed 8704K, reserved 1048576K
}
Event: 25.705 GC heap before
{Heap before GC invocations=32 (full 0):
 garbage-first heap   total 249856K, used 212855K [0x0000000085c00000, 0x0000000100000000)
  region size 1024K, 72 young (73728K), 10 survivors (10240K)
 Metaspace       used 82823K, committed 83136K, reserved 1179648K
  class space    used 8984K, committed 9088K, reserved 1048576K
}
Event: 25.734 GC heap after
{Heap after GC invocations=33 (full 0):
 garbage-first heap   total 249856K, used 161676K [0x0000000085c00000, 0x0000000100000000)
  region size 1024K, 9 young (9216K), 9 survivors (9216K)
 Metaspace       used 82823K, committed 83136K, reserved 1179648K
  class space    used 8984K, committed 9088K, reserved 1048576K
}
Event: 28.622 GC heap before
{Heap before GC invocations=33 (full 0):
 garbage-first heap   total 249856K, used 221068K [0x0000000085c00000, 0x0000000100000000)
  region size 1024K, 67 young (68608K), 9 survivors (9216K)
 Metaspace       used 90468K, committed 90880K, reserved 1179648K
  class space    used 9569K, committed 9728K, reserved 1048576K
}
Event: 28.645 GC heap after
{Heap after GC invocations=34 (full 0):
 garbage-first heap   total 249856K, used 167578K [0x0000000085c00000, 0x0000000100000000)
  region size 1024K, 6 young (6144K), 6 survivors (6144K)
 Metaspace       used 90468K, committed 90880K, reserved 1179648K
  class space    used 9569K, committed 9728K, reserved 1048576K
}
Event: 30.521 GC heap before
{Heap before GC invocations=34 (full 0):
 garbage-first heap   total 249856K, used 224922K [0x0000000085c00000, 0x0000000100000000)
  region size 1024K, 62 young (63488K), 6 survivors (6144K)
 Metaspace       used 97334K, committed 97728K, reserved 1179648K
  class space    used 10128K, committed 10304K, reserved 1048576K
}
Event: 30.531 GC heap after
{Heap after GC invocations=35 (full 0):
 garbage-first heap   total 249856K, used 171395K [0x0000000085c00000, 0x0000000100000000)
  region size 1024K, 4 young (4096K), 4 survivors (4096K)
 Metaspace       used 97334K, committed 97728K, reserved 1179648K
  class space    used 10128K, committed 10304K, reserved 1048576K
}
Event: 31.319 GC heap before
{Heap before GC invocations=36 (full 0):
 garbage-first heap   total 286720K, used 227715K [0x0000000085c00000, 0x0000000100000000)
  region size 1024K, 59 young (60416K), 4 survivors (4096K)
 Metaspace       used 97747K, committed 98112K, reserved 1179648K
  class space    used 10136K, committed 10304K, reserved 1048576K
}
Event: 31.327 GC heap after
{Heap after GC invocations=37 (full 0):
 garbage-first heap   total 286720K, used 174762K [0x0000000085c00000, 0x0000000100000000)
  region size 1024K, 8 young (8192K), 8 survivors (8192K)
 Metaspace       used 97747K, committed 98112K, reserved 1179648K
  class space    used 10136K, committed 10304K, reserved 1048576K
}
Event: 31.897 GC heap before
{Heap before GC invocations=37 (full 0):
 garbage-first heap   total 286720K, used 257706K [0x0000000085c00000, 0x0000000100000000)
  region size 1024K, 89 young (91136K), 8 survivors (8192K)
 Metaspace       used 97918K, committed 98240K, reserved 1179648K
  class space    used 10142K, committed 10304K, reserved 1048576K
}
Event: 31.918 GC heap after
{Heap after GC invocations=38 (full 0):
 garbage-first heap   total 286720K, used 177915K [0x0000000085c00000, 0x0000000100000000)
  region size 1024K, 10 young (10240K), 10 survivors (10240K)
 Metaspace       used 97918K, committed 98240K, reserved 1179648K
  class space    used 10142K, committed 10304K, reserved 1048576K
}
Event: 32.598 GC heap before
{Heap before GC invocations=38 (full 0):
 garbage-first heap   total 286720K, used 259835K [0x0000000085c00000, 0x0000000100000000)
  region size 1024K, 90 young (92160K), 10 survivors (10240K)
 Metaspace       used 98132K, committed 98560K, reserved 1179648K
  class space    used 10142K, committed 10304K, reserved 1048576K
}
Event: 32.619 GC heap after
{Heap after GC invocations=39 (full 0):
 garbage-first heap   total 286720K, used 186311K [0x0000000085c00000, 0x0000000100000000)
  region size 1024K, 11 young (11264K), 11 survivors (11264K)
 Metaspace       used 98132K, committed 98560K, reserved 1179648K
  class space    used 10142K, committed 10304K, reserved 1048576K
}

